# JRE version: OpenJDK Runtime Environment Temurin-17.0.11+9 (17.0.11+9) (build 17.0.11+9)
# Java VM: OpenJDK 64-Bit Server VM Temurin-17.0.11+9 (17.0.11+9, mixed mode, tiered, compressed oops, compressed class ptrs, parallel gc, windows-amd64)
GC Precious Log:
 CPUs: 16 total, 16 available
 Memory: 16068M
 Large Page Support: Disabled
 NUMA Support: Disabled
 Compressed Oops: Enabled (32-bit)
 Alignments: Space 512K, Generation 512K, Heap 2M
 Heap Min Capacity: 100M
 Heap Initial Capacity: 100M
 Heap Max Capacity: 1G
 Pre-touch: Disabled
 Parallel Workers: 13
Heap:
 PSYoungGen      total 11776K, used 6962K [0x00000000eab00000, 0x00000000eba80000, 0x0000000100000000)
  eden space 8192K, 46% used [0x00000000eab00000,0x00000000eaebf670,0x00000000eb300000)
  from space 3584K, 87% used [0x00000000eb700000,0x00000000eba0d400,0x00000000eba80000)
  to   space 3584K, 0% used [0x00000000eb380000,0x00000000eb380000,0x00000000eb700000)
 ParOldGen       total 147968K, used 73960K [0x00000000c0000000, 0x00000000c9080000, 0x00000000eab00000)
  object space 147968K, 49% used [0x00000000c0000000,0x00000000c483a360,0x00000000c9080000)
 Metaspace       used 75997K, committed 77184K, reserved 1179648K
  class space    used 8091K, committed 8576K, reserved 1048576K
GC Heap History (20 events):
Event: 1083.278 GC heap before
{Heap before GC invocations=76 (full 5):
 PSYoungGen      total 11776K, used 11766K [0x00000000eab00000, 0x00000000ebb00000, 0x0000000100000000)
  eden space 8704K, 99% used [0x00000000eab00000,0x00000000eb37e3c8,0x00000000eb380000)
  from space 3072K, 99% used [0x00000000eb700000,0x00000000eb9ff798,0x00000000eba00000)
  to   space 3584K, 0% used [0x00000000eb380000,0x00000000eb380000,0x00000000eb700000)
 ParOldGen       total 124416K, used 119981K [0x00000000c0000000, 0x00000000c7980000, 0x00000000eab00000)
  object space 124416K, 96% used [0x00000000c0000000,0x00000000c752b4c8,0x00000000c7980000)
 Metaspace       used 73246K, committed 74496K, reserved 1179648K
  class space    used 7763K, committed 8256K, reserved 1048576K
}
Event: 1083.278 GC heap after
{Heap after GC invocations=76 (full 5):
 PSYoungGen      total 11264K, used 2105K [0x00000000eab00000, 0x00000000eb980000, 0x0000000100000000)
  eden space 8704K, 0% used [0x00000000eab00000,0x00000000eab00000,0x00000000eb380000)
  from space 2560K, 82% used [0x00000000eb380000,0x00000000eb58e418,0x00000000eb600000)
  to   space 3072K, 0% used [0x00000000eb680000,0x00000000eb680000,0x00000000eb980000)
 ParOldGen       total 124416K, used 120253K [0x00000000c0000000, 0x00000000c7980000, 0x00000000eab00000)
  object space 124416K, 96% used [0x00000000c0000000,0x00000000c756f4c8,0x00000000c7980000)
 Metaspace       used 73246K, committed 74496K, reserved 1179648K
  class space    used 7763K, committed 8256K, reserved 1048576K
}
Event: 1083.338 GC heap before
{Heap before GC invocations=77 (full 5):
 PSYoungGen      total 11264K, used 10809K [0x00000000eab00000, 0x00000000eb980000, 0x0000000100000000)
  eden space 8704K, 100% used [0x00000000eab00000,0x00000000eb380000,0x00000000eb380000)
  from space 2560K, 82% used [0x00000000eb380000,0x00000000eb58e418,0x00000000eb600000)
  to   space 3072K, 0% used [0x00000000eb680000,0x00000000eb680000,0x00000000eb980000)
 ParOldGen       total 124416K, used 120253K [0x00000000c0000000, 0x00000000c7980000, 0x00000000eab00000)
  object space 124416K, 96% used [0x00000000c0000000,0x00000000c756f4c8,0x00000000c7980000)
 Metaspace       used 74463K, committed 75776K, reserved 1179648K
  class space    used 7916K, committed 8448K, reserved 1048576K
}
Event: 1083.339 GC heap after
{Heap after GC invocations=77 (full 5):
 PSYoungGen      total 11776K, used 2504K [0x00000000eab00000, 0x00000000eb980000, 0x0000000100000000)
  eden space 8704K, 0% used [0x00000000eab00000,0x00000000eab00000,0x00000000eb380000)
  from space 3072K, 81% used [0x00000000eb680000,0x00000000eb8f2050,0x00000000eb980000)
  to   space 3072K, 0% used [0x00000000eb380000,0x00000000eb380000,0x00000000eb680000)
 ParOldGen       total 124416K, used 120261K [0x00000000c0000000, 0x00000000c7980000, 0x00000000eab00000)
  object space 124416K, 96% used [0x00000000c0000000,0x00000000c75714c8,0x00000000c7980000)
 Metaspace       used 74463K, committed 75776K, reserved 1179648K
  class space    used 7916K, committed 8448K, reserved 1048576K
}
Event: 1089.339 GC heap before
{Heap before GC invocations=78 (full 5):
 PSYoungGen      total 11776K, used 11208K [0x00000000eab00000, 0x00000000eb980000, 0x0000000100000000)
  eden space 8704K, 100% used [0x00000000eab00000,0x00000000eb380000,0x00000000eb380000)
  from space 3072K, 81% used [0x00000000eb680000,0x00000000eb8f2050,0x00000000eb980000)
  to   space 3072K, 0% used [0x00000000eb380000,0x00000000eb380000,0x00000000eb680000)
 ParOldGen       total 124416K, used 120261K [0x00000000c0000000, 0x00000000c7980000, 0x00000000eab00000)
  object space 124416K, 96% used [0x00000000c0000000,0x00000000c75714c8,0x00000000c7980000)
 Metaspace       used 74903K, committed 76160K, reserved 1179648K
  class space    used 7969K, committed 8512K, reserved 1048576K
}
Event: 1089.340 GC heap after
{Heap after GC invocations=78 (full 5):
 PSYoungGen      total 11776K, used 2664K [0x00000000eab00000, 0x00000000eb980000, 0x0000000100000000)
  eden space 8704K, 0% used [0x00000000eab00000,0x00000000eab00000,0x00000000eb380000)
  from space 3072K, 86% used [0x00000000eb380000,0x00000000eb61a070,0x00000000eb680000)
  to   space 3072K, 0% used [0x00000000eb680000,0x00000000eb680000,0x00000000eb980000)
 ParOldGen       total 124416K, used 120269K [0x00000000c0000000, 0x00000000c7980000, 0x00000000eab00000)
  object space 124416K, 96% used [0x00000000c0000000,0x00000000c75734c8,0x00000000c7980000)
 Metaspace       used 74903K, committed 76160K, reserved 1179648K
  class space    used 7969K, committed 8512K, reserved 1048576K
}
Event: 1089.399 GC heap before
{Heap before GC invocations=79 (full 5):
 PSYoungGen      total 11776K, used 11368K [0x00000000eab00000, 0x00000000eb980000, 0x0000000100000000)
  eden space 8704K, 100% used [0x00000000eab00000,0x00000000eb380000,0x00000000eb380000)
  from space 3072K, 86% used [0x00000000eb380000,0x00000000eb61a070,0x00000000eb680000)
  to   space 3072K, 0% used [0x00000000eb680000,0x00000000eb680000,0x00000000eb980000)
 ParOldGen       total 124416K, used 120269K [0x00000000c0000000, 0x00000000c7980000, 0x00000000eab00000)
  object space 124416K, 96% used [0x00000000c0000000,0x00000000c75734c8,0x00000000c7980000)
 Metaspace       used 75327K, committed 76608K, reserved 1179648K
  class space    used 8020K, committed 8576K, reserved 1048576K
}
Event: 1089.401 GC heap after
{Heap after GC invocations=79 (full 5):
 PSYoungGen      total 8704K, used 3058K [0x00000000eab00000, 0x00000000ebf80000, 0x0000000100000000)
  eden space 5632K, 0% used [0x00000000eab00000,0x00000000eab00000,0x00000000eb080000)
  from space 3072K, 99% used [0x00000000eb680000,0x00000000eb97c840,0x00000000eb980000)
  to   space 6144K, 0% used [0x00000000eb080000,0x00000000eb080000,0x00000000eb680000)
 ParOldGen       total 124416K, used 122657K [0x00000000c0000000, 0x00000000c7980000, 0x00000000eab00000)
  object space 124416K, 98% used [0x00000000c0000000,0x00000000c77c8798,0x00000000c7980000)
 Metaspace       used 75327K, committed 76608K, reserved 1179648K
  class space    used 8020K, committed 8576K, reserved 1048576K
}
Event: 1089.401 GC heap before
{Heap before GC invocations=80 (full 6):
 PSYoungGen      total 8704K, used 3058K [0x00000000eab00000, 0x00000000ebf80000, 0x0000000100000000)
  eden space 5632K, 0% used [0x00000000eab00000,0x00000000eab00000,0x00000000eb080000)
  from space 3072K, 99% used [0x00000000eb680000,0x00000000eb97c840,0x00000000eb980000)
  to   space 6144K, 0% used [0x00000000eb080000,0x00000000eb080000,0x00000000eb680000)
 ParOldGen       total 124416K, used 122657K [0x00000000c0000000, 0x00000000c7980000, 0x00000000eab00000)
  object space 124416K, 98% used [0x00000000c0000000,0x00000000c77c8798,0x00000000c7980000)
 Metaspace       used 75327K, committed 76608K, reserved 1179648K
  class space    used 8020K, committed 8576K, reserved 1048576K
}
Event: 1089.463 GC heap after
{Heap after GC invocations=80 (full 6):
 PSYoungGen      total 11776K, used 0K [0x00000000eab00000, 0x00000000ebd00000, 0x0000000100000000)
  eden space 5632K, 0% used [0x00000000eab00000,0x00000000eab00000,0x00000000eb080000)
  from space 6144K, 0% used [0x00000000eb080000,0x00000000eb080000,0x00000000eb680000)
  to   space 6144K, 0% used [0x00000000eb700000,0x00000000eb700000,0x00000000ebd00000)
 ParOldGen       total 147968K, used 70526K [0x00000000c0000000, 0x00000000c9080000, 0x00000000eab00000)
  object space 147968K, 47% used [0x00000000c0000000,0x00000000c44dfb50,0x00000000c9080000)
 Metaspace       used 75197K, committed 76608K, reserved 1179648K
  class space    used 7989K, committed 8576K, reserved 1048576K
}
Event: 1089.470 GC heap before
{Heap before GC invocations=81 (full 6):
 PSYoungGen      total 11776K, used 5632K [0x00000000eab00000, 0x00000000ebd00000, 0x0000000100000000)
  eden space 5632K, 100% used [0x00000000eab00000,0x00000000eb080000,0x00000000eb080000)
  from space 6144K, 0% used [0x00000000eb080000,0x00000000eb080000,0x00000000eb680000)
  to   space 6144K, 0% used [0x00000000eb700000,0x00000000eb700000,0x00000000ebd00000)
 ParOldGen       total 147968K, used 70526K [0x00000000c0000000, 0x00000000c9080000, 0x00000000eab00000)
  object space 147968K, 47% used [0x00000000c0000000,0x00000000c44dfb50,0x00000000c9080000)
 Metaspace       used 75200K, committed 76608K, reserved 1179648K
  class space    used 7990K, committed 8576K, reserved 1048576K
}
Event: 1089.472 GC heap after
{Heap after GC invocations=81 (full 6):
 PSYoungGen      total 10752K, used 4097K [0x00000000eab00000, 0x00000000ebb80000, 0x0000000100000000)
  eden space 6144K, 0% used [0x00000000eab00000,0x00000000eab00000,0x00000000eb100000)
  from space 4608K, 88% used [0x00000000eb700000,0x00000000ebb00620,0x00000000ebb80000)
  to   space 4608K, 0% used [0x00000000eb280000,0x00000000eb280000,0x00000000eb700000)
 ParOldGen       total 147968K, used 70526K [0x00000000c0000000, 0x00000000c9080000, 0x00000000eab00000)
  object space 147968K, 47% used [0x00000000c0000000,0x00000000c44dfb50,0x00000000c9080000)
 Metaspace       used 75200K, committed 76608K, reserved 1179648K
  class space    used 7990K, committed 8576K, reserved 1048576K
}
Event: 1089.481 GC heap before
{Heap before GC invocations=82 (full 6):
 PSYoungGen      total 10752K, used 10128K [0x00000000eab00000, 0x00000000ebb80000, 0x0000000100000000)
  eden space 6144K, 98% used [0x00000000eab00000,0x00000000eb0e3ad0,0x00000000eb100000)
  from space 4608K, 88% used [0x00000000eb700000,0x00000000ebb00620,0x00000000ebb80000)
  to   space 4608K, 0% used [0x00000000eb280000,0x00000000eb280000,0x00000000eb700000)
 ParOldGen       total 147968K, used 70526K [0x00000000c0000000, 0x00000000c9080000, 0x00000000eab00000)
  object space 147968K, 47% used [0x00000000c0000000,0x00000000c44dfb50,0x00000000c9080000)
 Metaspace       used 75254K, committed 76608K, reserved 1179648K
  class space    used 7991K, committed 8576K, reserved 1048576K
}
Event: 1089.483 GC heap after
{Heap after GC invocations=82 (full 6):
 PSYoungGen      total 11264K, used 4594K [0x00000000eab00000, 0x00000000ec280000, 0x0000000100000000)
  eden space 6656K, 0% used [0x00000000eab00000,0x00000000eab00000,0x00000000eb180000)
  from space 4608K, 99% used [0x00000000eb280000,0x00000000eb6fc930,0x00000000eb700000)
  to   space 8704K, 0% used [0x00000000eba00000,0x00000000eba00000,0x00000000ec280000)
 ParOldGen       total 147968K, used 73944K [0x00000000c0000000, 0x00000000c9080000, 0x00000000eab00000)
  object space 147968K, 49% used [0x00000000c0000000,0x00000000c4836360,0x00000000c9080000)
 Metaspace       used 75254K, committed 76608K, reserved 1179648K
  class space    used 7991K, committed 8576K, reserved 1048576K
}
Event: 1089.501 GC heap before
{Heap before GC invocations=83 (full 6):
 PSYoungGen      total 11264K, used 9730K [0x00000000eab00000, 0x00000000ec280000, 0x0000000100000000)
  eden space 6656K, 77% used [0x00000000eab00000,0x00000000eb0042c0,0x00000000eb180000)
  from space 4608K, 99% used [0x00000000eb280000,0x00000000eb6fc930,0x00000000eb700000)
  to   space 8704K, 0% used [0x00000000eba00000,0x00000000eba00000,0x00000000ec280000)
 ParOldGen       total 147968K, used 73944K [0x00000000c0000000, 0x00000000c9080000, 0x00000000eab00000)
  object space 147968K, 49% used [0x00000000c0000000,0x00000000c4836360,0x00000000c9080000)
 Metaspace       used 75321K, committed 76608K, reserved 1179648K
  class space    used 7998K, committed 8576K, reserved 1048576K
}
Event: 1089.504 GC heap after
{Heap after GC invocations=83 (full 6):
 PSYoungGen      total 11776K, used 4415K [0x00000000eab00000, 0x00000000ebe80000, 0x0000000100000000)
  eden space 7168K, 0% used [0x00000000eab00000,0x00000000eab00000,0x00000000eb200000)
  from space 4608K, 95% used [0x00000000eba00000,0x00000000ebe4fe40,0x00000000ebe80000)
  to   space 6144K, 0% used [0x00000000eb280000,0x00000000eb280000,0x00000000eb880000)
 ParOldGen       total 147968K, used 73944K [0x00000000c0000000, 0x00000000c9080000, 0x00000000eab00000)
  object space 147968K, 49% used [0x00000000c0000000,0x00000000c4836360,0x00000000c9080000)
 Metaspace       used 75321K, committed 76608K, reserved 1179648K
  class space    used 7998K, committed 8576K, reserved 1048576K
}
Event: 1089.524 GC heap before
{Heap before GC invocations=84 (full 6):
 PSYoungGen      total 11776K, used 11583K [0x00000000eab00000, 0x00000000ebe80000, 0x0000000100000000)
  eden space 7168K, 100% used [0x00000000eab00000,0x00000000eb200000,0x00000000eb200000)
  from space 4608K, 95% used [0x00000000eba00000,0x00000000ebe4fe40,0x00000000ebe80000)
  to   space 6144K, 0% used [0x00000000eb280000,0x00000000eb280000,0x00000000eb880000)
 ParOldGen       total 147968K, used 73944K [0x00000000c0000000, 0x00000000c9080000, 0x00000000eab00000)
  object space 147968K, 49% used [0x00000000c0000000,0x00000000c4836360,0x00000000c9080000)
 Metaspace       used 75469K, committed 76736K, reserved 1179648K
  class space    used 8013K, committed 8576K, reserved 1048576K
}
Event: 1089.525 GC heap after
{Heap after GC invocations=84 (full 6):
 PSYoungGen      total 10752K, used 2709K [0x00000000eab00000, 0x00000000eba80000, 0x0000000100000000)
  eden space 7680K, 0% used [0x00000000eab00000,0x00000000eab00000,0x00000000eb280000)
  from space 3072K, 88% used [0x00000000eb280000,0x00000000eb525400,0x00000000eb580000)
  to   space 3584K, 0% used [0x00000000eb700000,0x00000000eb700000,0x00000000eba80000)
 ParOldGen       total 147968K, used 73952K [0x00000000c0000000, 0x00000000c9080000, 0x00000000eab00000)
  object space 147968K, 49% used [0x00000000c0000000,0x00000000c4838360,0x00000000c9080000)
 Metaspace       used 75469K, committed 76736K, reserved 1179648K
  class space    used 8013K, committed 8576K, reserved 1048576K
}
Event: 1089.641 GC heap before
{Heap before GC invocations=85 (full 6):
 PSYoungGen      total 10752K, used 10389K [0x00000000eab00000, 0x00000000eba80000, 0x0000000100000000)
  eden space 7680K, 100% used [0x00000000eab00000,0x00000000eb280000,0x00000000eb280000)
  from space 3072K, 88% used [0x00000000eb280000,0x00000000eb525400,0x00000000eb580000)
  to   space 3584K, 0% used [0x00000000eb700000,0x00000000eb700000,0x00000000eba80000)
 ParOldGen       total 147968K, used 73952K [0x00000000c0000000, 0x00000000c9080000, 0x00000000eab00000)
  object space 147968K, 49% used [0x00000000c0000000,0x00000000c4838360,0x00000000c9080000)
 Metaspace       used 75994K, committed 77184K, reserved 1179648K
  class space    used 8091K, committed 8576K, reserved 1048576K
}
Event: 1089.642 GC heap after
{Heap after GC invocations=85 (full 6):
 PSYoungGen      total 11776K, used 3125K [0x00000000eab00000, 0x00000000eba80000, 0x0000000100000000)
  eden space 8192K, 0% used [0x00000000eab00000,0x00000000eab00000,0x00000000eb300000)
  from space 3584K, 87% used [0x00000000eb700000,0x00000000eba0d400,0x00000000eba80000)
  to   space 3584K, 0% used [0x00000000eb380000,0x00000000eb380000,0x00000000eb700000)
 ParOldGen       total 147968K, used 73960K [0x00000000c0000000, 0x00000000c9080000, 0x00000000eab00000)
  object space 147968K, 49% used [0x00000000c0000000,0x00000000c483a360,0x00000000c9080000)
 Metaspace       used 75994K, committed 77184K, reserved 1179648K
  class space    used 8091K, committed 8576K, reserved 1048576K
}

