# JRE version: OpenJDK Runtime Environment Temurin-17.0.11+9 (17.0.11+9) (build 17.0.11+9)
# Java VM: OpenJDK 64-Bit Server VM Temurin-17.0.11+9 (17.0.11+9, mixed mode, tiered, compressed oops, compressed class ptrs, parallel gc, windows-amd64)
GC Precious Log:
 CPUs: 16 total, 16 available
 Memory: 16068M
 Large Page Support: Disabled
 NUMA Support: Disabled
 Compressed Oops: Enabled (32-bit)
 Alignments: Space 512K, Generation 512K, Heap 2M
 Heap Min Capacity: 100M
 Heap Initial Capacity: 100M
 Heap Max Capacity: 1G
 Pre-touch: Disabled
 Parallel Workers: 13
Heap:
 PSYoungGen      total 23040K, used 9797K [0x00000000eab00000, 0x00000000ec480000, 0x0000000100000000)
  eden space 22016K, 44% used [0x00000000eab00000,0x00000000eb4914b0,0x00000000ec080000)
  from space 1024K, 0% used [0x00000000ec300000,0x00000000ec300000,0x00000000ec400000)
  to   space 512K, 0% used [0x00000000ec400000,0x00000000ec400000,0x00000000ec480000)
 ParOldGen       total 68608K, used 28183K [0x00000000c0000000, 0x00000000c4300000, 0x00000000eab00000)
  object space 68608K, 41% used [0x00000000c0000000,0x00000000c1b85c38,0x00000000c4300000)
 Metaspace       used 59870K, committed 60864K, reserved 1114112K
  class space    used 6369K, committed 6784K, reserved 1048576K
GC Heap History (20 events):
Event: 2.814 GC heap before
{Heap before GC invocations=21 (full 2):
 PSYoungGen      total 23040K, used 22958K [0x00000000eab00000, 0x00000000ec480000, 0x0000000100000000)
  eden space 22016K, 100% used [0x00000000eab00000,0x00000000ec080000,0x00000000ec080000)
  from space 1024K, 92% used [0x00000000ec380000,0x00000000ec46bb60,0x00000000ec480000)
  to   space 1536K, 0% used [0x00000000ec180000,0x00000000ec180000,0x00000000ec300000)
 ParOldGen       total 68608K, used 24672K [0x00000000c0000000, 0x00000000c4300000, 0x00000000eab00000)
  object space 68608K, 35% used [0x00000000c0000000,0x00000000c18182c0,0x00000000c4300000)
 Metaspace       used 52637K, committed 53632K, reserved 1114112K
  class space    used 5621K, committed 6080K, reserved 1048576K
}
Event: 2.814 GC heap after
{Heap after GC invocations=21 (full 2):
 PSYoungGen      total 23552K, used 672K [0x00000000eab00000, 0x00000000ec400000, 0x0000000100000000)
  eden space 22016K, 0% used [0x00000000eab00000,0x00000000eab00000,0x00000000ec080000)
  from space 1536K, 43% used [0x00000000ec180000,0x00000000ec228000,0x00000000ec300000)
  to   space 1024K, 0% used [0x00000000ec300000,0x00000000ec300000,0x00000000ec400000)
 ParOldGen       total 68608K, used 25463K [0x00000000c0000000, 0x00000000c4300000, 0x00000000eab00000)
  object space 68608K, 37% used [0x00000000c0000000,0x00000000c18dde20,0x00000000c4300000)
 Metaspace       used 52637K, committed 53632K, reserved 1114112K
  class space    used 5621K, committed 6080K, reserved 1048576K
}
Event: 2.828 GC heap before
{Heap before GC invocations=22 (full 2):
 PSYoungGen      total 23552K, used 22688K [0x00000000eab00000, 0x00000000ec400000, 0x0000000100000000)
  eden space 22016K, 100% used [0x00000000eab00000,0x00000000ec080000,0x00000000ec080000)
  from space 1536K, 43% used [0x00000000ec180000,0x00000000ec228000,0x00000000ec300000)
  to   space 1024K, 0% used [0x00000000ec300000,0x00000000ec300000,0x00000000ec400000)
 ParOldGen       total 68608K, used 25463K [0x00000000c0000000, 0x00000000c4300000, 0x00000000eab00000)
  object space 68608K, 37% used [0x00000000c0000000,0x00000000c18dde20,0x00000000c4300000)
 Metaspace       used 52637K, committed 53632K, reserved 1114112K
  class space    used 5621K, committed 6080K, reserved 1048576K
}
Event: 2.829 GC heap after
{Heap after GC invocations=22 (full 2):
 PSYoungGen      total 23040K, used 736K [0x00000000eab00000, 0x00000000ec400000, 0x0000000100000000)
  eden space 22016K, 0% used [0x00000000eab00000,0x00000000eab00000,0x00000000ec080000)
  from space 1024K, 71% used [0x00000000ec300000,0x00000000ec3b8000,0x00000000ec400000)
  to   space 1024K, 0% used [0x00000000ec200000,0x00000000ec200000,0x00000000ec300000)
 ParOldGen       total 68608K, used 25972K [0x00000000c0000000, 0x00000000c4300000, 0x00000000eab00000)
  object space 68608K, 37% used [0x00000000c0000000,0x00000000c195d2a0,0x00000000c4300000)
 Metaspace       used 52637K, committed 53632K, reserved 1114112K
  class space    used 5621K, committed 6080K, reserved 1048576K
}
Event: 2.852 GC heap before
{Heap before GC invocations=23 (full 2):
 PSYoungGen      total 23040K, used 22411K [0x00000000eab00000, 0x00000000ec400000, 0x0000000100000000)
  eden space 22016K, 98% used [0x00000000eab00000,0x00000000ec02aca8,0x00000000ec080000)
  from space 1024K, 71% used [0x00000000ec300000,0x00000000ec3b8000,0x00000000ec400000)
  to   space 1024K, 0% used [0x00000000ec200000,0x00000000ec200000,0x00000000ec300000)
 ParOldGen       total 68608K, used 25972K [0x00000000c0000000, 0x00000000c4300000, 0x00000000eab00000)
  object space 68608K, 37% used [0x00000000c0000000,0x00000000c195d2a0,0x00000000c4300000)
 Metaspace       used 52713K, committed 53696K, reserved 1114112K
  class space    used 5624K, committed 6080K, reserved 1048576K
}
Event: 2.853 GC heap after
{Heap after GC invocations=23 (full 2):
 PSYoungGen      total 23040K, used 800K [0x00000000eab00000, 0x00000000ec380000, 0x0000000100000000)
  eden space 22016K, 0% used [0x00000000eab00000,0x00000000eab00000,0x00000000ec080000)
  from space 1024K, 78% used [0x00000000ec200000,0x00000000ec2c8000,0x00000000ec300000)
  to   space 512K, 0% used [0x00000000ec300000,0x00000000ec300000,0x00000000ec380000)
 ParOldGen       total 68608K, used 26514K [0x00000000c0000000, 0x00000000c4300000, 0x00000000eab00000)
  object space 68608K, 38% used [0x00000000c0000000,0x00000000c19e4b20,0x00000000c4300000)
 Metaspace       used 52713K, committed 53696K, reserved 1114112K
  class space    used 5624K, committed 6080K, reserved 1048576K
}
Event: 2.865 GC heap before
{Heap before GC invocations=24 (full 2):
 PSYoungGen      total 23040K, used 22816K [0x00000000eab00000, 0x00000000ec380000, 0x0000000100000000)
  eden space 22016K, 100% used [0x00000000eab00000,0x00000000ec080000,0x00000000ec080000)
  from space 1024K, 78% used [0x00000000ec200000,0x00000000ec2c8000,0x00000000ec300000)
  to   space 512K, 0% used [0x00000000ec300000,0x00000000ec300000,0x00000000ec380000)
 ParOldGen       total 68608K, used 26514K [0x00000000c0000000, 0x00000000c4300000, 0x00000000eab00000)
  object space 68608K, 38% used [0x00000000c0000000,0x00000000c19e4b20,0x00000000c4300000)
 Metaspace       used 52713K, committed 53696K, reserved 1114112K
  class space    used 5624K, committed 6080K, reserved 1048576K
}
Event: 2.866 GC heap after
{Heap after GC invocations=24 (full 2):
 PSYoungGen      total 22528K, used 512K [0x00000000eab00000, 0x00000000ec580000, 0x0000000100000000)
  eden space 22016K, 0% used [0x00000000eab00000,0x00000000eab00000,0x00000000ec080000)
  from space 512K, 100% used [0x00000000ec300000,0x00000000ec380000,0x00000000ec380000)
  to   space 2560K, 0% used [0x00000000ec080000,0x00000000ec080000,0x00000000ec300000)
 ParOldGen       total 68608K, used 27880K [0x00000000c0000000, 0x00000000c4300000, 0x00000000eab00000)
  object space 68608K, 40% used [0x00000000c0000000,0x00000000c1b3a200,0x00000000c4300000)
 Metaspace       used 52713K, committed 53696K, reserved 1114112K
  class space    used 5624K, committed 6080K, reserved 1048576K
}
Event: 2.935 GC heap before
{Heap before GC invocations=25 (full 2):
 PSYoungGen      total 22528K, used 22528K [0x00000000eab00000, 0x00000000ec580000, 0x0000000100000000)
  eden space 22016K, 100% used [0x00000000eab00000,0x00000000ec080000,0x00000000ec080000)
  from space 512K, 100% used [0x00000000ec300000,0x00000000ec380000,0x00000000ec380000)
  to   space 2560K, 0% used [0x00000000ec080000,0x00000000ec080000,0x00000000ec300000)
 ParOldGen       total 68608K, used 27880K [0x00000000c0000000, 0x00000000c4300000, 0x00000000eab00000)
  object space 68608K, 40% used [0x00000000c0000000,0x00000000c1b3a200,0x00000000c4300000)
 Metaspace       used 53803K, committed 54784K, reserved 1114112K
  class space    used 5728K, committed 6144K, reserved 1048576K
}
Event: 2.937 GC heap after
{Heap after GC invocations=25 (full 2):
 PSYoungGen      total 24576K, used 2551K [0x00000000eab00000, 0x00000000ec980000, 0x0000000100000000)
  eden space 22016K, 0% used [0x00000000eab00000,0x00000000eab00000,0x00000000ec080000)
  from space 2560K, 99% used [0x00000000ec080000,0x00000000ec2fdc00,0x00000000ec300000)
  to   space 4608K, 0% used [0x00000000ec500000,0x00000000ec500000,0x00000000ec980000)
 ParOldGen       total 68608K, used 29464K [0x00000000c0000000, 0x00000000c4300000, 0x00000000eab00000)
  object space 68608K, 42% used [0x00000000c0000000,0x00000000c1cc6200,0x00000000c4300000)
 Metaspace       used 53803K, committed 54784K, reserved 1114112K
  class space    used 5728K, committed 6144K, reserved 1048576K
}
Event: 3.073 GC heap before
{Heap before GC invocations=26 (full 2):
 PSYoungGen      total 24576K, used 24567K [0x00000000eab00000, 0x00000000ec980000, 0x0000000100000000)
  eden space 22016K, 100% used [0x00000000eab00000,0x00000000ec080000,0x00000000ec080000)
  from space 2560K, 99% used [0x00000000ec080000,0x00000000ec2fdc00,0x00000000ec300000)
  to   space 4608K, 0% used [0x00000000ec500000,0x00000000ec500000,0x00000000ec980000)
 ParOldGen       total 68608K, used 29464K [0x00000000c0000000, 0x00000000c4300000, 0x00000000eab00000)
  object space 68608K, 42% used [0x00000000c0000000,0x00000000c1cc6200,0x00000000c4300000)
 Metaspace       used 55458K, committed 56448K, reserved 1114112K
  class space    used 5949K, committed 6400K, reserved 1048576K
}
Event: 3.075 GC heap after
{Heap after GC invocations=26 (full 2):
 PSYoungGen      total 23040K, used 920K [0x00000000eab00000, 0x00000000ec600000, 0x0000000100000000)
  eden space 22016K, 0% used [0x00000000eab00000,0x00000000eab00000,0x00000000ec080000)
  from space 1024K, 89% used [0x00000000ec500000,0x00000000ec5e61e8,0x00000000ec600000)
  to   space 2560K, 0% used [0x00000000ec100000,0x00000000ec100000,0x00000000ec380000)
 ParOldGen       total 68608K, used 31967K [0x00000000c0000000, 0x00000000c4300000, 0x00000000eab00000)
  object space 68608K, 46% used [0x00000000c0000000,0x00000000c1f37ff0,0x00000000c4300000)
 Metaspace       used 55458K, committed 56448K, reserved 1114112K
  class space    used 5949K, committed 6400K, reserved 1048576K
}
Event: 3.169 GC heap before
{Heap before GC invocations=27 (full 2):
 PSYoungGen      total 23040K, used 22936K [0x00000000eab00000, 0x00000000ec600000, 0x0000000100000000)
  eden space 22016K, 100% used [0x00000000eab00000,0x00000000ec080000,0x00000000ec080000)
  from space 1024K, 89% used [0x00000000ec500000,0x00000000ec5e61e8,0x00000000ec600000)
  to   space 2560K, 0% used [0x00000000ec100000,0x00000000ec100000,0x00000000ec380000)
 ParOldGen       total 68608K, used 31967K [0x00000000c0000000, 0x00000000c4300000, 0x00000000eab00000)
  object space 68608K, 46% used [0x00000000c0000000,0x00000000c1f37ff0,0x00000000c4300000)
 Metaspace       used 56727K, committed 57728K, reserved 1114112K
  class space    used 6068K, committed 6464K, reserved 1048576K
}
Event: 3.170 GC heap after
{Heap after GC invocations=27 (full 2):
 PSYoungGen      total 24576K, used 1381K [0x00000000eab00000, 0x00000000ec580000, 0x0000000100000000)
  eden space 22016K, 0% used [0x00000000eab00000,0x00000000eab00000,0x00000000ec080000)
  from space 2560K, 53% used [0x00000000ec100000,0x00000000ec259420,0x00000000ec380000)
  to   space 1536K, 0% used [0x00000000ec400000,0x00000000ec400000,0x00000000ec580000)
 ParOldGen       total 68608K, used 32704K [0x00000000c0000000, 0x00000000c4300000, 0x00000000eab00000)
  object space 68608K, 47% used [0x00000000c0000000,0x00000000c1ff03d8,0x00000000c4300000)
 Metaspace       used 56727K, committed 57728K, reserved 1114112K
  class space    used 6068K, committed 6464K, reserved 1048576K
}
Event: 3.207 GC heap before
{Heap before GC invocations=28 (full 2):
 PSYoungGen      total 24576K, used 23397K [0x00000000eab00000, 0x00000000ec580000, 0x0000000100000000)
  eden space 22016K, 100% used [0x00000000eab00000,0x00000000ec080000,0x00000000ec080000)
  from space 2560K, 53% used [0x00000000ec100000,0x00000000ec259420,0x00000000ec380000)
  to   space 1536K, 0% used [0x00000000ec400000,0x00000000ec400000,0x00000000ec580000)
 ParOldGen       total 68608K, used 32704K [0x00000000c0000000, 0x00000000c4300000, 0x00000000eab00000)
  object space 68608K, 47% used [0x00000000c0000000,0x00000000c1ff03d8,0x00000000c4300000)
 Metaspace       used 56745K, committed 57728K, reserved 1114112K
  class space    used 6068K, committed 6464K, reserved 1048576K
}
Event: 3.208 GC heap after
{Heap after GC invocations=28 (full 2):
 PSYoungGen      total 23040K, used 680K [0x00000000eab00000, 0x00000000ec500000, 0x0000000100000000)
  eden space 22016K, 0% used [0x00000000eab00000,0x00000000eab00000,0x00000000ec080000)
  from space 1024K, 66% used [0x00000000ec400000,0x00000000ec4aa388,0x00000000ec500000)
  to   space 1024K, 0% used [0x00000000ec300000,0x00000000ec300000,0x00000000ec400000)
 ParOldGen       total 68608K, used 33511K [0x00000000c0000000, 0x00000000c4300000, 0x00000000eab00000)
  object space 68608K, 48% used [0x00000000c0000000,0x00000000c20b9e50,0x00000000c4300000)
 Metaspace       used 56745K, committed 57728K, reserved 1114112K
  class space    used 6068K, committed 6464K, reserved 1048576K
}
Event: 3.324 GC heap before
{Heap before GC invocations=29 (full 2):
 PSYoungGen      total 23040K, used 21089K [0x00000000eab00000, 0x00000000ec500000, 0x0000000100000000)
  eden space 22016K, 92% used [0x00000000eab00000,0x00000000ebeee280,0x00000000ec080000)
  from space 1024K, 66% used [0x00000000ec400000,0x00000000ec4aa388,0x00000000ec500000)
  to   space 1024K, 0% used [0x00000000ec300000,0x00000000ec300000,0x00000000ec400000)
 ParOldGen       total 68608K, used 33511K [0x00000000c0000000, 0x00000000c4300000, 0x00000000eab00000)
  object space 68608K, 48% used [0x00000000c0000000,0x00000000c20b9e50,0x00000000c4300000)
 Metaspace       used 58796K, committed 59776K, reserved 1114112K
  class space    used 6250K, committed 6656K, reserved 1048576K
}
Event: 3.325 GC heap after
{Heap after GC invocations=29 (full 2):
 PSYoungGen      total 23040K, used 964K [0x00000000eab00000, 0x00000000ec480000, 0x0000000100000000)
  eden space 22016K, 0% used [0x00000000eab00000,0x00000000eab00000,0x00000000ec080000)
  from space 1024K, 94% used [0x00000000ec300000,0x00000000ec3f11f8,0x00000000ec400000)
  to   space 512K, 0% used [0x00000000ec400000,0x00000000ec400000,0x00000000ec480000)
 ParOldGen       total 68608K, used 33551K [0x00000000c0000000, 0x00000000c4300000, 0x00000000eab00000)
  object space 68608K, 48% used [0x00000000c0000000,0x00000000c20c3e50,0x00000000c4300000)
 Metaspace       used 58796K, committed 59776K, reserved 1114112K
  class space    used 6250K, committed 6656K, reserved 1048576K
}
Event: 3.325 GC heap before
{Heap before GC invocations=30 (full 3):
 PSYoungGen      total 23040K, used 964K [0x00000000eab00000, 0x00000000ec480000, 0x0000000100000000)
  eden space 22016K, 0% used [0x00000000eab00000,0x00000000eab00000,0x00000000ec080000)
  from space 1024K, 94% used [0x00000000ec300000,0x00000000ec3f11f8,0x00000000ec400000)
  to   space 512K, 0% used [0x00000000ec400000,0x00000000ec400000,0x00000000ec480000)
 ParOldGen       total 68608K, used 33551K [0x00000000c0000000, 0x00000000c4300000, 0x00000000eab00000)
  object space 68608K, 48% used [0x00000000c0000000,0x00000000c20c3e50,0x00000000c4300000)
 Metaspace       used 58796K, committed 59776K, reserved 1114112K
  class space    used 6250K, committed 6656K, reserved 1048576K
}
Event: 3.354 GC heap after
{Heap after GC invocations=30 (full 3):
 PSYoungGen      total 23040K, used 0K [0x00000000eab00000, 0x00000000ec480000, 0x0000000100000000)
  eden space 22016K, 0% used [0x00000000eab00000,0x00000000eab00000,0x00000000ec080000)
  from space 1024K, 0% used [0x00000000ec300000,0x00000000ec300000,0x00000000ec400000)
  to   space 512K, 0% used [0x00000000ec400000,0x00000000ec400000,0x00000000ec480000)
 ParOldGen       total 68608K, used 28183K [0x00000000c0000000, 0x00000000c4300000, 0x00000000eab00000)
  object space 68608K, 41% used [0x00000000c0000000,0x00000000c1b85c38,0x00000000c4300000)
 Metaspace       used 58796K, committed 59776K, reserved 1114112K
  class space    used 6250K, committed 6656K, reserved 1048576K
}

